<?xml version="1.0" encoding="UTF-8"?>
<testng-results ignored="0" total="1" passed="1" failed="0" skipped="0">
  <reporter-output>
  </reporter-output>
  <suite started-at="2025-07-09T15:13:51 IST" name="Surefire suite" finished-at="2025-07-09T15:14:00 IST" duration-ms="8118">
    <groups>
      <group name="cucumber">
        <method signature="AbstractTestNGCucumberTests.runScenario(io.cucumber.testng.PickleWrapper,io.cucumber.testng.FeatureWrapper)[pri:0, instance:runner.TestNGCucumberRunner@50a638b5]" name="runScenario" class="io.cucumber.testng.AbstractTestNGCucumberTests"/>
      </group> <!-- cucumber -->
    </groups>
    <test started-at="2025-07-09T15:13:51 IST" name="Surefire test" finished-at="2025-07-09T15:14:00 IST" duration-ms="8118">
      <class name="runner.TestNGCucumberRunner">
        <test-method is-config="true" signature="setUpClass(org.testng.ITestContext)[pri:0, instance:runner.TestNGCucumberRunner@50a638b5]" started-at="2025-07-09T15:13:51 IST" name="setUpClass" finished-at="2025-07-09T15:13:52 IST" duration-ms="667" status="PASS">
          <params>
            <param index="0">
              <value>
                <![CDATA[org.testng.TestRunner@35a60674]]>
              </value>
            </param>
          </params>
          <reporter-output>
          </reporter-output>
        </test-method> <!-- setUpClass -->
        <test-method signature="runScenario(io.cucumber.testng.PickleWrapper,io.cucumber.testng.FeatureWrapper)[pri:0, instance:runner.TestNGCucumberRunner@50a638b5]" started-at="2025-07-09T15:13:52 IST" name="runScenario" description="Runs Cucumber Scenarios" data-provider="scenarios" finished-at="2025-07-09T15:13:59 IST" duration-ms="6727" status="PASS">
          <params>
            <param index="0">
              <value>
                <![CDATA["Search for multiple products from Excel"]]>
              </value>
            </param>
            <param index="1">
              <value>
                <![CDATA["Amazon Search with Excel data"]]>
              </value>
            </param>
          </params>
          <reporter-output>
          </reporter-output>
        </test-method> <!-- runScenario -->
        <test-method is-config="true" signature="tearDownClass()[pri:0, instance:runner.TestNGCucumberRunner@50a638b5]" started-at="2025-07-09T15:13:59 IST" name="tearDownClass" finished-at="2025-07-09T15:14:00 IST" duration-ms="656" status="PASS">
          <reporter-output>
          </reporter-output>
        </test-method> <!-- tearDownClass -->
      </class> <!-- runner.TestNGCucumberRunner -->
    </test> <!-- Surefire test -->
  </suite> <!-- Surefire suite -->
</testng-results>
